<?xml version="1.0" encoding="UTF-8"?>
<!-- Generated by org.testng.reporters.JUnitXMLReporter -->
<testsuite ignored="0" hostname="OCNSY-23" failures="1" tests="1" name="Default test" time="9.787" errors="0" timestamp="2025-03-25T19:01:36 IST">
  <testcase classname="io.cucumber.testng.AbstractTestNGCucumberTests" name="runScenario" time="9.459">
    <failure type="java.lang.AssertionError" message="expected [Your username is invalid!] but found [Your username is invalid!sdfdsaa]">
      <![CDATA[java.lang.AssertionError: expected [Your username is invalid!] but found [Your username is invalid!sdfdsaa]
at org.testng.Assert.fail(Assert.java:111)
at org.testng.Assert.failNotEquals(Assert.java:1578)
at org.testng.Assert.assertEqualsImpl(Assert.java:150)
at org.testng.Assert.assertEquals(Assert.java:132)
at org.testng.Assert.assertEquals(Assert.java:656)
at org.testng.Assert.assertEquals(Assert.java:666)
at cucumber.learn.stepDefinition.LearnLoginStep.userPressTheSubmitButton(LearnLoginStep.java:89)
at âœ½.user press the submit button(file:///D:/STUDENTS/Testing-Jan-2025/cucumber.learn/src/test/resources/features/learnLogin.feature:7)
]]>
    </failure>
  </testcase> <!-- runScenario -->
</testsuite> <!-- Default test -->
