<?xml version="1.0" encoding="UTF-8"?>
<testng-results ignored="0" total="1" passed="1" failed="0" skipped="0">
  <reporter-output>
  </reporter-output>
  <suite started-at="2025-03-24T19:09:30 IST" name="Default suite" finished-at="2025-03-24T19:09:31 IST" duration-ms="789">
    <groups>
      <group name="cucumber">
        <method signature="AbstractTestNGCucumberTests.runScenario(io.cucumber.testng.PickleWrapper,io.cucumber.testng.FeatureWrapper)[pri:0, instance:cucumber.learn.runner.LearnRunner@5fbe4146]" name="runScenario" class="io.cucumber.testng.AbstractTestNGCucumberTests"/>
      </group> <!-- cucumber -->
    </groups>
    <test started-at="2025-03-24T19:09:30 IST" name="Default test" finished-at="2025-03-24T19:09:31 IST" duration-ms="789">
      <class name="cucumber.learn.runner.LearnRunner">
        <test-method is-config="true" signature="setUpClass(org.testng.ITestContext)[pri:0, instance:cucumber.learn.runner.LearnRunner@5fbe4146]" started-at="2025-03-24T19:09:30 IST" name="setUpClass" finished-at="2025-03-24T19:09:31 IST" duration-ms="502" status="PASS">
          <params>
            <param index="0">
              <value>
                <![CDATA[org.testng.TestRunner@7ca33c24]]>
              </value>
            </param>
          </params>
          <reporter-output>
          </reporter-output>
        </test-method> <!-- setUpClass -->
        <test-method signature="runScenario(io.cucumber.testng.PickleWrapper,io.cucumber.testng.FeatureWrapper)[pri:0, instance:cucumber.learn.runner.LearnRunner@5fbe4146]" started-at="2025-03-24T19:09:31 IST" name="runScenario" description="Runs Cucumber Scenarios" data-provider="scenarios" finished-at="2025-03-24T19:09:31 IST" duration-ms="175" status="PASS">
          <params>
            <param index="0">
              <value>
                <![CDATA["login success"]]>
              </value>
            </param>
            <param index="1">
              <value>
                <![CDATA["learn login feature"]]>
              </value>
            </param>
          </params>
          <reporter-output>
          </reporter-output>
        </test-method> <!-- runScenario -->
        <test-method is-config="true" signature="tearDownClass()[pri:0, instance:cucumber.learn.runner.LearnRunner@5fbe4146]" started-at="2025-03-24T19:09:31 IST" name="tearDownClass" finished-at="2025-03-24T19:09:31 IST" duration-ms="3" status="PASS">
          <reporter-output>
          </reporter-output>
        </test-method> <!-- tearDownClass -->
      </class> <!-- cucumber.learn.runner.LearnRunner -->
    </test> <!-- Default test -->
  </suite> <!-- Default suite -->
</testng-results>
