<?xml version="1.0" encoding="UTF-8"?>
<!-- Generated by org.testng.reporters.JUnitReportReporter -->
<testsuite hostname="OCNSY-23" failures="1" tests="1" name="cucumber.learn.runner.LearnRunner" time="9.459" errors="0" timestamp="2025-03-25T19:01:36 IST" skipped="0">
  <testcase classname="cucumber.learn.runner.LearnRunner" name="runScenario" time="9.459">
    <failure message="expected [Your username is invalid!] but found [Your username is invalid!sdfdsaa]" type="java.lang.AssertionError">
      <![CDATA[java.lang.AssertionError: expected [Your username is invalid!] but found [Your username is invalid!sdfdsaa]
at org.testng.Assert.fail(Assert.java:111)
at org.testng.Assert.failNotEquals(Assert.java:1578)
at org.testng.Assert.assertEqualsImpl(Assert.java:150)
at org.testng.Assert.assertEquals(Assert.java:132)
at org.testng.Assert.assertEquals(Assert.java:656)
at org.testng.Assert.assertEquals(Assert.java:666)
at cucumber.learn.stepDefinition.LearnLoginStep.userPressTheSubmitButton(LearnLoginStep.java:89)
at ✽.user press the submit button(file:///D:/STUDENTS/Testing-Jan-2025/cucumber.learn/src/test/resources/features/learnLogin.feature:7)
]]>
    </failure>
  </testcase> <!-- runScenario -->
</testsuite> <!-- cucumber.learn.runner.LearnRunner -->
